<?xml version="1.0" encoding="UTF-8"?>
<!-- Generated by org.testng.reporters.JUnitReportReporter -->
<testsuite skipped="0" hostname="TI12215-BLR-L" name="com.tavant.kwutils.MyTestCaseExecuter" tests="2" failures="0" timestamp="04 Nov 2020 10:59:53 GMT" time="1353.979" errors="0">
  <testcase name="testCase" time="859.004" classname="com.tavant.kwutils.MyTestCaseExecuter"/>
  <testcase name="testCase" time="494.975" classname="com.tavant.kwutils.MyTestCaseExecuter"/>
</testsuite> <!-- com.tavant.kwutils.MyTestCaseExecuter -->
