<?xml version="1.0" encoding="UTF-8" ?>
<testsuite tests="2" failures="0" name="TestSuite" time="1,360.525" errors="0" skipped="0">
  <properties>
    <property name="java.runtime.name" value="Java(TM) SE Runtime Environment"/>
    <property name="sun.boot.library.path" value="C:\Program Files\Java\jdk1.8.0_251\jre\bin"/>
    <property name="java.vm.version" value="25.251-b08"/>
    <property name="java.vm.vendor" value="Oracle Corporation"/>
    <property name="java.vendor.url" value="http://java.oracle.com/"/>
    <property name="path.separator" value=";"/>
    <property name="java.vm.name" value="Java HotSpot(TM) 64-Bit Server VM"/>
    <property name="file.encoding.pkg" value="sun.io"/>
    <property name="user.script" value=""/>
    <property name="env" value="custom"/>
    <property name="user.country" value="US"/>
    <property name="sun.java.launcher" value="SUN_STANDARD"/>
    <property name="sun.os.patch.level" value=""/>
    <property name="java.vm.specification.name" value="Java Virtual Machine Specification"/>
    <property name="user.dir" value="D:\Updated_LowerEnv\PennyMac_Test1Smoke"/>
    <property name="java.runtime.version" value="1.8.0_251-b08"/>
    <property name="java.awt.graphicsenv" value="sun.awt.Win32GraphicsEnvironment"/>
    <property name="basedir" value="D:\Updated_LowerEnv\PennyMac_Test1Smoke"/>
    <property name="java.endorsed.dirs" value="C:\Program Files\Java\jdk1.8.0_251\jre\lib\endorsed"/>
    <property name="os.arch" value="amd64"/>
    <property name="surefire.real.class.path" value="C:\Users\SWEATA~1.SHA\AppData\Local\Temp\surefirebooter3945466426351800675.jar"/>
    <property name="java.io.tmpdir" value="C:\Users\SWEATA~1.SHA\AppData\Local\Temp\"/>
    <property name="line.separator" value="
"/>
    <property name="java.vm.specification.vendor" value="Oracle Corporation"/>
    <property name="user.variant" value=""/>
    <property name="os.name" value="Windows 10"/>
    <property name="webdriver.edge.driver" value="D:\Updated_LowerEnv\PennyMac_Test1Smoke\ext\edgedriver.exe"/>
    <property name="sun.jnu.encoding" value="Cp1252"/>
    <property name="xml" value="custom"/>
    <property name="java.library.path" value="C:\Program Files\Java\jdk1.8.0_251\jre\bin;C:\Windows\Sun\Java\bin;C:\Windows\system32;C:\Windows;C:\Program Files\Python38\Scripts;C:\Program Files\Python38;C:\Program Files (x86)\Common Files\Oracle\Java\javapath;C:\Windows\system32;C:\Windows;C:\Windows\System32\Wbem;C:\Windows\System32\WindowsPowerShell\v1.0\;C:\Windows\System32\OpenSSH\;C:\Program Files\Git\cmd;C:\Program Files\TortoiseGit\bin;C:\Program Files (x86)\Intel\Intel(R) Management Engine Components\DAL;C:\Program Files\Intel\Intel(R) Management Engine Components\DAL;C:\Program Files (x86)\NVIDIA Corporation\PhysX\Common;C:\Program Files\Java\jdk1.8.0_251\bin;D:\apache-maven-3.6.3\bin;C:\Program Files\Microsoft VS Code\bin;C:\Program Files\nodejs\;C:\Users\sweata.shaw\AppData\Local\Microsoft\WindowsApps;;."/>
    <property name="surefire.test.class.path" value="D:\Updated_LowerEnv\PennyMac_Test1Smoke\target\test-classes;D:\Updated_LowerEnv\PennyMac_Test1Smoke\target\classes;C:\Users\sweata.shaw\.m2\repository\com\jcraft\jsch\0.1.51\jsch-0.1.51.jar;C:\Users\sweata.shaw\.m2\repository\org\seleniumhq\selenium\selenium-server\3.13.0\selenium-server-3.13.0.jar;C:\Users\sweata.shaw\.m2\repository\org\seleniumhq\selenium\selenium-api\3.13.0\selenium-api-3.13.0.jar;C:\Users\sweata.shaw\.m2\repository\org\seleniumhq\selenium\selenium-edge-driver\3.13.0\selenium-edge-driver-3.13.0.jar;C:\Users\sweata.shaw\.m2\repository\org\seleniumhq\selenium\selenium-opera-driver\3.13.0\selenium-opera-driver-3.13.0.jar;C:\Users\sweata.shaw\.m2\repository\org\seleniumhq\selenium\selenium-remote-driver\3.13.0\selenium-remote-driver-3.13.0.jar;C:\Users\sweata.shaw\.m2\repository\org\seleniumhq\selenium\selenium-support\3.13.0\selenium-support-3.13.0.jar;C:\Users\sweata.shaw\.m2\repository\com\beust\jcommander\1.72\jcommander-1.72.jar;C:\Users\sweata.shaw\.m2\repository\net\bytebuddy\byte-buddy\1.8.3\byte-buddy-1.8.3.jar;C:\Users\sweata.shaw\.m2\repository\org\apache\commons\commons-exec\1.3\commons-exec-1.3.jar;C:\Users\sweata.shaw\.m2\repository\org\apache\commons\commons-lang3\3.7\commons-lang3-3.7.jar;C:\Users\sweata.shaw\.m2\repository\org\apache\commons\commons-text\1.1\commons-text-1.1.jar;C:\Users\sweata.shaw\.m2\repository\commons-codec\commons-codec\1.10\commons-codec-1.10.jar;C:\Users\sweata.shaw\.m2\repository\commons-io\commons-io\2.6\commons-io-2.6.jar;C:\Users\sweata.shaw\.m2\repository\commons-logging\commons-logging\1.2\commons-logging-1.2.jar;C:\Users\sweata.shaw\.m2\repository\commons-net\commons-net\3.6\commons-net-3.6.jar;C:\Users\sweata.shaw\.m2\repository\com\google\code\gson\gson\2.8.4\gson-2.8.4.jar;C:\Users\sweata.shaw\.m2\repository\com\google\guava\guava\25.0-jre\guava-25.0-jre.jar;C:\Users\sweata.shaw\.m2\repository\com\google\code\findbugs\jsr305\1.3.9\jsr305-1.3.9.jar;C:\Users\sweata.shaw\.m2\repository\org\checkerframework\checker-compat-qual\2.0.0\checker-compat-qual-2.0.0.jar;C:\Users\sweata.shaw\.m2\repository\com\google\errorprone\error_prone_annotations\2.1.3\error_prone_annotations-2.1.3.jar;C:\Users\sweata.shaw\.m2\repository\com\google\j2objc\j2objc-annotations\1.1\j2objc-annotations-1.1.jar;C:\Users\sweata.shaw\.m2\repository\org\codehaus\mojo\animal-sniffer-annotations\1.14\animal-sniffer-annotations-1.14.jar;C:\Users\sweata.shaw\.m2\repository\net\sourceforge\htmlunit\htmlunit\2.30\htmlunit-2.30.jar;C:\Users\sweata.shaw\.m2\repository\net\sourceforge\htmlunit\htmlunit-core-js\2.28\htmlunit-core-js-2.28.jar;C:\Users\sweata.shaw\.m2\repository\net\sourceforge\htmlunit\htmlunit-cssparser\1.0.0\htmlunit-cssparser-1.0.0.jar;C:\Users\sweata.shaw\.m2\repository\net\sourceforge\htmlunit\neko-htmlunit\2.30\neko-htmlunit-2.30.jar;C:\Users\sweata.shaw\.m2\repository\org\apache\httpcomponents\httpcore\4.4.9\httpcore-4.4.9.jar;C:\Users\sweata.shaw\.m2\repository\org\apache\httpcomponents\httpmime\4.5.5\httpmime-4.5.5.jar;C:\Users\sweata.shaw\.m2\repository\net\jcip\jcip-annotations\1.0\jcip-annotations-1.0.jar;C:\Users\sweata.shaw\.m2\repository\org\seleniumhq\selenium\jetty-repacked\9.4.7.v20171121\jetty-repacked-9.4.7.v20171121.jar;C:\Users\sweata.shaw\.m2\repository\org\eclipse\jetty\jetty-client\9.4.7.v20170914\jetty-client-9.4.7.v20170914.jar;C:\Users\sweata.shaw\.m2\repository\org\eclipse\jetty\jetty-http\9.4.8.v20171121\jetty-http-9.4.8.v20171121.jar;C:\Users\sweata.shaw\.m2\repository\org\eclipse\jetty\jetty-io\9.4.8.v20171121\jetty-io-9.4.8.v20171121.jar;C:\Users\sweata.shaw\.m2\repository\org\eclipse\jetty\jetty-util\9.4.8.v20171121\jetty-util-9.4.8.v20171121.jar;C:\Users\sweata.shaw\.m2\repository\org\eclipse\jetty\jetty-xml\9.4.7.v20170914\jetty-xml-9.4.7.v20170914.jar;C:\Users\sweata.shaw\.m2\repository\com\squareup\okhttp3\okhttp\3.10.0\okhttp-3.10.0.jar;C:\Users\sweata.shaw\.m2\repository\com\squareup\okio\okio\1.14.1\okio-1.14.1.jar;C:\Users\sweata.shaw\.m2\repository\org\seleniumhq\selenium\htmlunit-driver\2.30.0\htmlunit-driver-2.30.0.jar;C:\Users\sweata.shaw\.m2\repository\javax\servlet\javax.servlet-api\3.1.0\javax.servlet-api-3.1.0.jar;C:\Users\sweata.shaw\.m2\repository\org\eclipse\jetty\websocket\websocket-api\9.4.7.v20170914\websocket-api-9.4.7.v20170914.jar;C:\Users\sweata.shaw\.m2\repository\org\eclipse\jetty\websocket\websocket-client\9.4.7.v20170914\websocket-client-9.4.7.v20170914.jar;C:\Users\sweata.shaw\.m2\repository\org\eclipse\jetty\websocket\websocket-common\9.4.7.v20170914\websocket-common-9.4.7.v20170914.jar;C:\Users\sweata.shaw\.m2\repository\xalan\serializer\2.7.2\serializer-2.7.2.jar;C:\Users\sweata.shaw\.m2\repository\xalan\xalan\2.7.2\xalan-2.7.2.jar;C:\Users\sweata.shaw\.m2\repository\xerces\xercesImpl\2.11.0\xercesImpl-2.11.0.jar;C:\Users\sweata.shaw\.m2\repository\org\yaml\snakeyaml\1.19\snakeyaml-1.19.jar;C:\Users\sweata.shaw\.m2\repository\org\seleniumhq\selenium\selenium-java\3.13.0\selenium-java-3.13.0.jar;C:\Users\sweata.shaw\.m2\repository\org\seleniumhq\selenium\selenium-chrome-driver\3.13.0\selenium-chrome-driver-3.13.0.jar;C:\Users\sweata.shaw\.m2\repository\org\seleniumhq\selenium\selenium-firefox-driver\3.13.0\selenium-firefox-driver-3.13.0.jar;C:\Users\sweata.shaw\.m2\repository\org\seleniumhq\selenium\selenium-ie-driver\3.13.0\selenium-ie-driver-3.13.0.jar;C:\Users\sweata.shaw\.m2\repository\org\seleniumhq\selenium\selenium-safari-driver\3.13.0\selenium-safari-driver-3.13.0.jar;C:\Users\sweata.shaw\.m2\repository\org\testng\testng\6.14.2\testng-6.14.2.jar;C:\Users\sweata.shaw\.m2\repository\org\apache-extras\beanshell\bsh\2.0b6\bsh-2.0b6.jar;C:\Users\sweata.shaw\.m2\repository\net\sourceforge\jexcelapi\jxl\2.6.12\jxl-2.6.12.jar;C:\Users\sweata.shaw\.m2\repository\log4j\log4j\1.2.14\log4j-1.2.14.jar;C:\Users\sweata.shaw\.m2\repository\xml-apis\xml-apis\1.4.01\xml-apis-1.4.01.jar;C:\Users\sweata.shaw\.m2\repository\commons-lang\commons-lang\2.4\commons-lang-2.4.jar;C:\Users\sweata.shaw\.m2\repository\dom4j\dom4j\1.6\dom4j-1.6.jar;C:\Users\sweata.shaw\.m2\repository\mysql\mysql-connector-java\5.1.15\mysql-connector-java-5.1.15.jar;D:\Updated_LowerEnv\PennyMac_Test1Smoke\ext\fireKW-1.0-SNAPSHOT.jar;C:\Users\sweata.shaw\.m2\repository\net\sf\opencsv\opencsv\2.3\opencsv-2.3.jar;C:\Users\sweata.shaw\.m2\repository\org\springframework\spring-webmvc\4.1.6.RELEASE\spring-webmvc-4.1.6.RELEASE.jar;C:\Users\sweata.shaw\.m2\repository\org\springframework\spring-beans\4.1.6.RELEASE\spring-beans-4.1.6.RELEASE.jar;C:\Users\sweata.shaw\.m2\repository\org\springframework\spring-context\4.1.6.RELEASE\spring-context-4.1.6.RELEASE.jar;C:\Users\sweata.shaw\.m2\repository\org\springframework\spring-aop\4.1.6.RELEASE\spring-aop-4.1.6.RELEASE.jar;C:\Users\sweata.shaw\.m2\repository\org\springframework\spring-core\4.1.6.RELEASE\spring-core-4.1.6.RELEASE.jar;C:\Users\sweata.shaw\.m2\repository\org\springframework\spring-expression\4.1.6.RELEASE\spring-expression-4.1.6.RELEASE.jar;C:\Users\sweata.shaw\.m2\repository\org\springframework\spring-web\4.1.6.RELEASE\spring-web-4.1.6.RELEASE.jar;C:\Users\sweata.shaw\.m2\repository\com\fasterxml\jackson\core\jackson-databind\2.9.4\jackson-databind-2.9.4.jar;C:\Users\sweata.shaw\.m2\repository\com\fasterxml\jackson\core\jackson-annotations\2.9.0\jackson-annotations-2.9.0.jar;C:\Users\sweata.shaw\.m2\repository\com\fasterxml\jackson\core\jackson-core\2.9.4\jackson-core-2.9.4.jar;C:\Users\sweata.shaw\.m2\repository\org\apache\poi\poi-ooxml\3.10-FINAL\poi-ooxml-3.10-FINAL.jar;C:\Users\sweata.shaw\.m2\repository\org\apache\poi\poi\3.10-FINAL\poi-3.10-FINAL.jar;C:\Users\sweata.shaw\.m2\repository\org\apache\poi\poi-ooxml-schemas\3.10-FINAL\poi-ooxml-schemas-3.10-FINAL.jar;C:\Users\sweata.shaw\.m2\repository\org\apache\xmlbeans\xmlbeans\2.3.0\xmlbeans-2.3.0.jar;C:\Users\sweata.shaw\.m2\repository\stax\stax-api\1.0.1\stax-api-1.0.1.jar;C:\Users\sweata.shaw\.m2\repository\javax\mail\mail\1.4.2\mail-1.4.2.jar;C:\Users\sweata.shaw\.m2\repository\javax\activation\activation\1.1\activation-1.1.jar;C:\Users\sweata.shaw\.m2\repository\org\apache\httpcomponents\httpclient\4.5.2\httpclient-4.5.2.jar;C:\Users\sweata.shaw\.m2\repository\com\atlassian\jira\jira-rest-java-client\2.0.0-m2\jira-rest-java-client-2.0.0-m2.jar;C:\Users\sweata.shaw\.m2\repository\joda-time\joda-time\1.6\joda-time-1.6.jar;C:\Users\sweata.shaw\.m2\repository\com\sun\jersey\jersey-json\1.5\jersey-json-1.5.jar;C:\Users\sweata.shaw\.m2\repository\com\sun\jersey\jersey-core\1.5\jersey-core-1.5.jar;C:\Users\sweata.shaw\.m2\repository\org\codehaus\jettison\jettison\1.1\jettison-1.1.jar;C:\Users\sweata.shaw\.m2\repository\com\sun\xml\bind\jaxb-impl\2.2.3\jaxb-impl-2.2.3.jar;C:\Users\sweata.shaw\.m2\repository\javax\xml\bind\jaxb-api\2.2.2\jaxb-api-2.2.2.jar;C:\Users\sweata.shaw\.m2\repository\javax\xml\stream\stax-api\1.0-2\stax-api-1.0-2.jar;C:\Users\sweata.shaw\.m2\repository\org\codehaus\jackson\jackson-core-asl\1.5.5\jackson-core-asl-1.5.5.jar;C:\Users\sweata.shaw\.m2\repository\org\codehaus\jackson\jackson-mapper-asl\1.5.5\jackson-mapper-asl-1.5.5.jar;C:\Users\sweata.shaw\.m2\repository\org\codehaus\jackson\jackson-jaxrs\1.5.5\jackson-jaxrs-1.5.5.jar;C:\Users\sweata.shaw\.m2\repository\org\codehaus\jackson\jackson-xc\1.5.5\jackson-xc-1.5.5.jar;C:\Users\sweata.shaw\.m2\repository\com\sun\jersey\jersey-client\1.5\jersey-client-1.5.jar;C:\Users\sweata.shaw\.m2\repository\com\atlassian\httpclient\atlassian-httpclient-apache-httpcomponents\0.11.0\atlassian-httpclient-apache-httpcomponents-0.11.0.jar;C:\Users\sweata.shaw\.m2\repository\com\atlassian\httpclient\atlassian-httpclient-api\0.11.0\atlassian-httpclient-api-0.11.0.jar;C:\Users\sweata.shaw\.m2\repository\com\atlassian\httpclient\atlassian-httpclient-spi\0.11.0\atlassian-httpclient-spi-0.11.0.jar;C:\Users\sweata.shaw\.m2\repository\com\atlassian\sal\sal-api\2.7.0\sal-api-2.7.0.jar;C:\Users\sweata.shaw\.m2\repository\com\atlassian\event\atlassian-event\2.2.0\atlassian-event-2.2.0.jar;C:\Users\sweata.shaw\.m2\repository\org\apache\httpcomponents\httpasyncclient-cache\4.0-beta3-atlassian-1\httpasyncclient-cache-4.0-beta3-atlassian-1.jar;C:\Users\sweata.shaw\.m2\repository\org\apache\httpcomponents\httpclient-cache\4.2.1-atlassian-2\httpclient-cache-4.2.1-atlassian-2.jar;C:\Users\sweata.shaw\.m2\repository\org\apache\httpcomponents\httpasyncclient\4.0-beta3-atlassian-1\httpasyncclient-4.0-beta3-atlassian-1.jar;C:\Users\sweata.shaw\.m2\repository\org\apache\httpcomponents\httpcore-nio\4.2.2\httpcore-nio-4.2.2.jar;C:\Users\sweata.shaw\.m2\repository\com\atlassian\util\concurrent\atlassian-util-concurrent\2.4.0-M9\atlassian-util-concurrent-2.4.0-M9.jar;C:\Users\sweata.shaw\.m2\repository\com\relevantcodes\extentreports\2.41.1\extentreports-2.41.1.jar;C:\Users\sweata.shaw\.m2\repository\org\jsoup\jsoup\1.8.3\jsoup-1.8.3.jar;C:\Users\sweata.shaw\.m2\repository\org\xerial\sqlite-jdbc\3.8.11.1\sqlite-jdbc-3.8.11.1.jar;C:\Users\sweata.shaw\.m2\repository\org\freemarker\freemarker\2.3.23\freemarker-2.3.23.jar;C:\Users\sweata.shaw\.m2\repository\org\mongodb\mongodb-driver\3.0.4\mongodb-driver-3.0.4.jar;C:\Users\sweata.shaw\.m2\repository\org\mongodb\bson\3.0.4\bson-3.0.4.jar;C:\Users\sweata.shaw\.m2\repository\org\mongodb\mongodb-driver-core\3.0.4\mongodb-driver-core-3.0.4.jar;C:\Users\sweata.shaw\.m2\repository\org\mongodb\mongo-java-driver\2.11.0\mongo-java-driver-2.11.0.jar;C:\Users\sweata.shaw\.m2\repository\org\springframework\data\spring-data-mongodb\1.2.0.RELEASE\spring-data-mongodb-1.2.0.RELEASE.jar;C:\Users\sweata.shaw\.m2\repository\org\springframework\spring-tx\3.1.4.RELEASE\spring-tx-3.1.4.RELEASE.jar;C:\Users\sweata.shaw\.m2\repository\aopalliance\aopalliance\1.0\aopalliance-1.0.jar;C:\Users\sweata.shaw\.m2\repository\org\springframework\data\spring-data-commons\1.5.0.RELEASE\spring-data-commons-1.5.0.RELEASE.jar;C:\Users\sweata.shaw\.m2\repository\org\slf4j\slf4j-api\1.7.1\slf4j-api-1.7.1.jar;C:\Users\sweata.shaw\.m2\repository\org\slf4j\jcl-over-slf4j\1.7.1\jcl-over-slf4j-1.7.1.jar;C:\Users\sweata.shaw\.m2\repository\cglib\cglib\2.2.2\cglib-2.2.2.jar;C:\Users\sweata.shaw\.m2\repository\asm\asm\3.3.1\asm-3.3.1.jar;C:\Users\sweata.shaw\.m2\repository\com\googlecode\json-simple\json-simple\1.1\json-simple-1.1.jar;"/>
    <property name="webdriver.ie.driver" value="D:\Updated_LowerEnv\PennyMac_Test1Smoke\ext\iedriver.exe"/>
    <property name="java.specification.name" value="Java Platform API Specification"/>
    <property name="java.class.version" value="52.0"/>
    <property name="sun.management.compiler" value="HotSpot 64-Bit Tiered Compilers"/>
    <property name="os.version" value="10.0"/>
    <property name="user.home" value="C:\Users\sweata.shaw"/>
    <property name="user.timezone" value="Asia/Calcutta"/>
    <property name="java.awt.printerjob" value="sun.awt.windows.WPrinterJob"/>
    <property name="java.specification.version" value="1.8"/>
    <property name="file.encoding" value="Cp1252"/>
    <property name="webdriver.gecko.driver" value="D:\Updated_LowerEnv\PennyMac_Test1Smoke\ext\geckodriver.exe"/>
    <property name="user.name" value="sweata.shaw"/>
    <property name="java.class.path" value="D:\Updated_LowerEnv\PennyMac_Test1Smoke\target\test-classes;D:\Updated_LowerEnv\PennyMac_Test1Smoke\target\classes;C:\Users\sweata.shaw\.m2\repository\com\jcraft\jsch\0.1.51\jsch-0.1.51.jar;C:\Users\sweata.shaw\.m2\repository\org\seleniumhq\selenium\selenium-server\3.13.0\selenium-server-3.13.0.jar;C:\Users\sweata.shaw\.m2\repository\org\seleniumhq\selenium\selenium-api\3.13.0\selenium-api-3.13.0.jar;C:\Users\sweata.shaw\.m2\repository\org\seleniumhq\selenium\selenium-edge-driver\3.13.0\selenium-edge-driver-3.13.0.jar;C:\Users\sweata.shaw\.m2\repository\org\seleniumhq\selenium\selenium-opera-driver\3.13.0\selenium-opera-driver-3.13.0.jar;C:\Users\sweata.shaw\.m2\repository\org\seleniumhq\selenium\selenium-remote-driver\3.13.0\selenium-remote-driver-3.13.0.jar;C:\Users\sweata.shaw\.m2\repository\org\seleniumhq\selenium\selenium-support\3.13.0\selenium-support-3.13.0.jar;C:\Users\sweata.shaw\.m2\repository\com\beust\jcommander\1.72\jcommander-1.72.jar;C:\Users\sweata.shaw\.m2\repository\net\bytebuddy\byte-buddy\1.8.3\byte-buddy-1.8.3.jar;C:\Users\sweata.shaw\.m2\repository\org\apache\commons\commons-exec\1.3\commons-exec-1.3.jar;C:\Users\sweata.shaw\.m2\repository\org\apache\commons\commons-lang3\3.7\commons-lang3-3.7.jar;C:\Users\sweata.shaw\.m2\repository\org\apache\commons\commons-text\1.1\commons-text-1.1.jar;C:\Users\sweata.shaw\.m2\repository\commons-codec\commons-codec\1.10\commons-codec-1.10.jar;C:\Users\sweata.shaw\.m2\repository\commons-io\commons-io\2.6\commons-io-2.6.jar;C:\Users\sweata.shaw\.m2\repository\commons-logging\commons-logging\1.2\commons-logging-1.2.jar;C:\Users\sweata.shaw\.m2\repository\commons-net\commons-net\3.6\commons-net-3.6.jar;C:\Users\sweata.shaw\.m2\repository\com\google\code\gson\gson\2.8.4\gson-2.8.4.jar;C:\Users\sweata.shaw\.m2\repository\com\google\guava\guava\25.0-jre\guava-25.0-jre.jar;C:\Users\sweata.shaw\.m2\repository\com\google\code\findbugs\jsr305\1.3.9\jsr305-1.3.9.jar;C:\Users\sweata.shaw\.m2\repository\org\checkerframework\checker-compat-qual\2.0.0\checker-compat-qual-2.0.0.jar;C:\Users\sweata.shaw\.m2\repository\com\google\errorprone\error_prone_annotations\2.1.3\error_prone_annotations-2.1.3.jar;C:\Users\sweata.shaw\.m2\repository\com\google\j2objc\j2objc-annotations\1.1\j2objc-annotations-1.1.jar;C:\Users\sweata.shaw\.m2\repository\org\codehaus\mojo\animal-sniffer-annotations\1.14\animal-sniffer-annotations-1.14.jar;C:\Users\sweata.shaw\.m2\repository\net\sourceforge\htmlunit\htmlunit\2.30\htmlunit-2.30.jar;C:\Users\sweata.shaw\.m2\repository\net\sourceforge\htmlunit\htmlunit-core-js\2.28\htmlunit-core-js-2.28.jar;C:\Users\sweata.shaw\.m2\repository\net\sourceforge\htmlunit\htmlunit-cssparser\1.0.0\htmlunit-cssparser-1.0.0.jar;C:\Users\sweata.shaw\.m2\repository\net\sourceforge\htmlunit\neko-htmlunit\2.30\neko-htmlunit-2.30.jar;C:\Users\sweata.shaw\.m2\repository\org\apache\httpcomponents\httpcore\4.4.9\httpcore-4.4.9.jar;C:\Users\sweata.shaw\.m2\repository\org\apache\httpcomponents\httpmime\4.5.5\httpmime-4.5.5.jar;C:\Users\sweata.shaw\.m2\repository\net\jcip\jcip-annotations\1.0\jcip-annotations-1.0.jar;C:\Users\sweata.shaw\.m2\repository\org\seleniumhq\selenium\jetty-repacked\9.4.7.v20171121\jetty-repacked-9.4.7.v20171121.jar;C:\Users\sweata.shaw\.m2\repository\org\eclipse\jetty\jetty-client\9.4.7.v20170914\jetty-client-9.4.7.v20170914.jar;C:\Users\sweata.shaw\.m2\repository\org\eclipse\jetty\jetty-http\9.4.8.v20171121\jetty-http-9.4.8.v20171121.jar;C:\Users\sweata.shaw\.m2\repository\org\eclipse\jetty\jetty-io\9.4.8.v20171121\jetty-io-9.4.8.v20171121.jar;C:\Users\sweata.shaw\.m2\repository\org\eclipse\jetty\jetty-util\9.4.8.v20171121\jetty-util-9.4.8.v20171121.jar;C:\Users\sweata.shaw\.m2\repository\org\eclipse\jetty\jetty-xml\9.4.7.v20170914\jetty-xml-9.4.7.v20170914.jar;C:\Users\sweata.shaw\.m2\repository\com\squareup\okhttp3\okhttp\3.10.0\okhttp-3.10.0.jar;C:\Users\sweata.shaw\.m2\repository\com\squareup\okio\okio\1.14.1\okio-1.14.1.jar;C:\Users\sweata.shaw\.m2\repository\org\seleniumhq\selenium\htmlunit-driver\2.30.0\htmlunit-driver-2.30.0.jar;C:\Users\sweata.shaw\.m2\repository\javax\servlet\javax.servlet-api\3.1.0\javax.servlet-api-3.1.0.jar;C:\Users\sweata.shaw\.m2\repository\org\eclipse\jetty\websocket\websocket-api\9.4.7.v20170914\websocket-api-9.4.7.v20170914.jar;C:\Users\sweata.shaw\.m2\repository\org\eclipse\jetty\websocket\websocket-client\9.4.7.v20170914\websocket-client-9.4.7.v20170914.jar;C:\Users\sweata.shaw\.m2\repository\org\eclipse\jetty\websocket\websocket-common\9.4.7.v20170914\websocket-common-9.4.7.v20170914.jar;C:\Users\sweata.shaw\.m2\repository\xalan\serializer\2.7.2\serializer-2.7.2.jar;C:\Users\sweata.shaw\.m2\repository\xalan\xalan\2.7.2\xalan-2.7.2.jar;C:\Users\sweata.shaw\.m2\repository\xerces\xercesImpl\2.11.0\xercesImpl-2.11.0.jar;C:\Users\sweata.shaw\.m2\repository\org\yaml\snakeyaml\1.19\snakeyaml-1.19.jar;C:\Users\sweata.shaw\.m2\repository\org\seleniumhq\selenium\selenium-java\3.13.0\selenium-java-3.13.0.jar;C:\Users\sweata.shaw\.m2\repository\org\seleniumhq\selenium\selenium-chrome-driver\3.13.0\selenium-chrome-driver-3.13.0.jar;C:\Users\sweata.shaw\.m2\repository\org\seleniumhq\selenium\selenium-firefox-driver\3.13.0\selenium-firefox-driver-3.13.0.jar;C:\Users\sweata.shaw\.m2\repository\org\seleniumhq\selenium\selenium-ie-driver\3.13.0\selenium-ie-driver-3.13.0.jar;C:\Users\sweata.shaw\.m2\repository\org\seleniumhq\selenium\selenium-safari-driver\3.13.0\selenium-safari-driver-3.13.0.jar;C:\Users\sweata.shaw\.m2\repository\org\testng\testng\6.14.2\testng-6.14.2.jar;C:\Users\sweata.shaw\.m2\repository\org\apache-extras\beanshell\bsh\2.0b6\bsh-2.0b6.jar;C:\Users\sweata.shaw\.m2\repository\net\sourceforge\jexcelapi\jxl\2.6.12\jxl-2.6.12.jar;C:\Users\sweata.shaw\.m2\repository\log4j\log4j\1.2.14\log4j-1.2.14.jar;C:\Users\sweata.shaw\.m2\repository\xml-apis\xml-apis\1.4.01\xml-apis-1.4.01.jar;C:\Users\sweata.shaw\.m2\repository\commons-lang\commons-lang\2.4\commons-lang-2.4.jar;C:\Users\sweata.shaw\.m2\repository\dom4j\dom4j\1.6\dom4j-1.6.jar;C:\Users\sweata.shaw\.m2\repository\mysql\mysql-connector-java\5.1.15\mysql-connector-java-5.1.15.jar;D:\Updated_LowerEnv\PennyMac_Test1Smoke\ext\fireKW-1.0-SNAPSHOT.jar;C:\Users\sweata.shaw\.m2\repository\net\sf\opencsv\opencsv\2.3\opencsv-2.3.jar;C:\Users\sweata.shaw\.m2\repository\org\springframework\spring-webmvc\4.1.6.RELEASE\spring-webmvc-4.1.6.RELEASE.jar;C:\Users\sweata.shaw\.m2\repository\org\springframework\spring-beans\4.1.6.RELEASE\spring-beans-4.1.6.RELEASE.jar;C:\Users\sweata.shaw\.m2\repository\org\springframework\spring-context\4.1.6.RELEASE\spring-context-4.1.6.RELEASE.jar;C:\Users\sweata.shaw\.m2\repository\org\springframework\spring-aop\4.1.6.RELEASE\spring-aop-4.1.6.RELEASE.jar;C:\Users\sweata.shaw\.m2\repository\org\springframework\spring-core\4.1.6.RELEASE\spring-core-4.1.6.RELEASE.jar;C:\Users\sweata.shaw\.m2\repository\org\springframework\spring-expression\4.1.6.RELEASE\spring-expression-4.1.6.RELEASE.jar;C:\Users\sweata.shaw\.m2\repository\org\springframework\spring-web\4.1.6.RELEASE\spring-web-4.1.6.RELEASE.jar;C:\Users\sweata.shaw\.m2\repository\com\fasterxml\jackson\core\jackson-databind\2.9.4\jackson-databind-2.9.4.jar;C:\Users\sweata.shaw\.m2\repository\com\fasterxml\jackson\core\jackson-annotations\2.9.0\jackson-annotations-2.9.0.jar;C:\Users\sweata.shaw\.m2\repository\com\fasterxml\jackson\core\jackson-core\2.9.4\jackson-core-2.9.4.jar;C:\Users\sweata.shaw\.m2\repository\org\apache\poi\poi-ooxml\3.10-FINAL\poi-ooxml-3.10-FINAL.jar;C:\Users\sweata.shaw\.m2\repository\org\apache\poi\poi\3.10-FINAL\poi-3.10-FINAL.jar;C:\Users\sweata.shaw\.m2\repository\org\apache\poi\poi-ooxml-schemas\3.10-FINAL\poi-ooxml-schemas-3.10-FINAL.jar;C:\Users\sweata.shaw\.m2\repository\org\apache\xmlbeans\xmlbeans\2.3.0\xmlbeans-2.3.0.jar;C:\Users\sweata.shaw\.m2\repository\stax\stax-api\1.0.1\stax-api-1.0.1.jar;C:\Users\sweata.shaw\.m2\repository\javax\mail\mail\1.4.2\mail-1.4.2.jar;C:\Users\sweata.shaw\.m2\repository\javax\activation\activation\1.1\activation-1.1.jar;C:\Users\sweata.shaw\.m2\repository\org\apache\httpcomponents\httpclient\4.5.2\httpclient-4.5.2.jar;C:\Users\sweata.shaw\.m2\repository\com\atlassian\jira\jira-rest-java-client\2.0.0-m2\jira-rest-java-client-2.0.0-m2.jar;C:\Users\sweata.shaw\.m2\repository\joda-time\joda-time\1.6\joda-time-1.6.jar;C:\Users\sweata.shaw\.m2\repository\com\sun\jersey\jersey-json\1.5\jersey-json-1.5.jar;C:\Users\sweata.shaw\.m2\repository\com\sun\jersey\jersey-core\1.5\jersey-core-1.5.jar;C:\Users\sweata.shaw\.m2\repository\org\codehaus\jettison\jettison\1.1\jettison-1.1.jar;C:\Users\sweata.shaw\.m2\repository\com\sun\xml\bind\jaxb-impl\2.2.3\jaxb-impl-2.2.3.jar;C:\Users\sweata.shaw\.m2\repository\javax\xml\bind\jaxb-api\2.2.2\jaxb-api-2.2.2.jar;C:\Users\sweata.shaw\.m2\repository\javax\xml\stream\stax-api\1.0-2\stax-api-1.0-2.jar;C:\Users\sweata.shaw\.m2\repository\org\codehaus\jackson\jackson-core-asl\1.5.5\jackson-core-asl-1.5.5.jar;C:\Users\sweata.shaw\.m2\repository\org\codehaus\jackson\jackson-mapper-asl\1.5.5\jackson-mapper-asl-1.5.5.jar;C:\Users\sweata.shaw\.m2\repository\org\codehaus\jackson\jackson-jaxrs\1.5.5\jackson-jaxrs-1.5.5.jar;C:\Users\sweata.shaw\.m2\repository\org\codehaus\jackson\jackson-xc\1.5.5\jackson-xc-1.5.5.jar;C:\Users\sweata.shaw\.m2\repository\com\sun\jersey\jersey-client\1.5\jersey-client-1.5.jar;C:\Users\sweata.shaw\.m2\repository\com\atlassian\httpclient\atlassian-httpclient-apache-httpcomponents\0.11.0\atlassian-httpclient-apache-httpcomponents-0.11.0.jar;C:\Users\sweata.shaw\.m2\repository\com\atlassian\httpclient\atlassian-httpclient-api\0.11.0\atlassian-httpclient-api-0.11.0.jar;C:\Users\sweata.shaw\.m2\repository\com\atlassian\httpclient\atlassian-httpclient-spi\0.11.0\atlassian-httpclient-spi-0.11.0.jar;C:\Users\sweata.shaw\.m2\repository\com\atlassian\sal\sal-api\2.7.0\sal-api-2.7.0.jar;C:\Users\sweata.shaw\.m2\repository\com\atlassian\event\atlassian-event\2.2.0\atlassian-event-2.2.0.jar;C:\Users\sweata.shaw\.m2\repository\org\apache\httpcomponents\httpasyncclient-cache\4.0-beta3-atlassian-1\httpasyncclient-cache-4.0-beta3-atlassian-1.jar;C:\Users\sweata.shaw\.m2\repository\org\apache\httpcomponents\httpclient-cache\4.2.1-atlassian-2\httpclient-cache-4.2.1-atlassian-2.jar;C:\Users\sweata.shaw\.m2\repository\org\apache\httpcomponents\httpasyncclient\4.0-beta3-atlassian-1\httpasyncclient-4.0-beta3-atlassian-1.jar;C:\Users\sweata.shaw\.m2\repository\org\apache\httpcomponents\httpcore-nio\4.2.2\httpcore-nio-4.2.2.jar;C:\Users\sweata.shaw\.m2\repository\com\atlassian\util\concurrent\atlassian-util-concurrent\2.4.0-M9\atlassian-util-concurrent-2.4.0-M9.jar;C:\Users\sweata.shaw\.m2\repository\com\relevantcodes\extentreports\2.41.1\extentreports-2.41.1.jar;C:\Users\sweata.shaw\.m2\repository\org\jsoup\jsoup\1.8.3\jsoup-1.8.3.jar;C:\Users\sweata.shaw\.m2\repository\org\xerial\sqlite-jdbc\3.8.11.1\sqlite-jdbc-3.8.11.1.jar;C:\Users\sweata.shaw\.m2\repository\org\freemarker\freemarker\2.3.23\freemarker-2.3.23.jar;C:\Users\sweata.shaw\.m2\repository\org\mongodb\mongodb-driver\3.0.4\mongodb-driver-3.0.4.jar;C:\Users\sweata.shaw\.m2\repository\org\mongodb\bson\3.0.4\bson-3.0.4.jar;C:\Users\sweata.shaw\.m2\repository\org\mongodb\mongodb-driver-core\3.0.4\mongodb-driver-core-3.0.4.jar;C:\Users\sweata.shaw\.m2\repository\org\mongodb\mongo-java-driver\2.11.0\mongo-java-driver-2.11.0.jar;C:\Users\sweata.shaw\.m2\repository\org\springframework\data\spring-data-mongodb\1.2.0.RELEASE\spring-data-mongodb-1.2.0.RELEASE.jar;C:\Users\sweata.shaw\.m2\repository\org\springframework\spring-tx\3.1.4.RELEASE\spring-tx-3.1.4.RELEASE.jar;C:\Users\sweata.shaw\.m2\repository\aopalliance\aopalliance\1.0\aopalliance-1.0.jar;C:\Users\sweata.shaw\.m2\repository\org\springframework\data\spring-data-commons\1.5.0.RELEASE\spring-data-commons-1.5.0.RELEASE.jar;C:\Users\sweata.shaw\.m2\repository\org\slf4j\slf4j-api\1.7.1\slf4j-api-1.7.1.jar;C:\Users\sweata.shaw\.m2\repository\org\slf4j\jcl-over-slf4j\1.7.1\jcl-over-slf4j-1.7.1.jar;C:\Users\sweata.shaw\.m2\repository\cglib\cglib\2.2.2\cglib-2.2.2.jar;C:\Users\sweata.shaw\.m2\repository\asm\asm\3.3.1\asm-3.3.1.jar;C:\Users\sweata.shaw\.m2\repository\com\googlecode\json-simple\json-simple\1.1\json-simple-1.1.jar;"/>
    <property name="java.vm.specification.version" value="1.8"/>
    <property name="sun.arch.data.model" value="64"/>
    <property name="java.home" value="C:\Program Files\Java\jdk1.8.0_251\jre"/>
    <property name="sun.java.command" value="C:\Users\SWEATA~1.SHA\AppData\Local\Temp\surefirebooter3945466426351800675.jar C:\Users\SWEATA~1.SHA\AppData\Local\Temp\surefire5890281458604660579tmp C:\Users\SWEATA~1.SHA\AppData\Local\Temp\surefire1345904683744129804tmp"/>
    <property name="java.specification.vendor" value="Oracle Corporation"/>
    <property name="user.language" value="en"/>
    <property name="awt.toolkit" value="sun.awt.windows.WToolkit"/>
    <property name="java.vm.info" value="mixed mode"/>
    <property name="java.version" value="1.8.0_251"/>
    <property name="java.ext.dirs" value="C:\Program Files\Java\jdk1.8.0_251\jre\lib\ext;C:\Windows\Sun\Java\lib\ext"/>
    <property name="sun.boot.class.path" value="C:\Program Files\Java\jdk1.8.0_251\jre\lib\resources.jar;C:\Program Files\Java\jdk1.8.0_251\jre\lib\rt.jar;C:\Program Files\Java\jdk1.8.0_251\jre\lib\sunrsasign.jar;C:\Program Files\Java\jdk1.8.0_251\jre\lib\jsse.jar;C:\Program Files\Java\jdk1.8.0_251\jre\lib\jce.jar;C:\Program Files\Java\jdk1.8.0_251\jre\lib\charsets.jar;C:\Program Files\Java\jdk1.8.0_251\jre\lib\jfr.jar;C:\Program Files\Java\jdk1.8.0_251\jre\classes"/>
    <property name="webdriver.chrome.driver" value="D:\Updated_LowerEnv\PennyMac_Test1Smoke\ext\chromedriver.exe"/>
    <property name="java.vendor" value="Oracle Corporation"/>
    <property name="localRepository" value="C:\Users\sweata.shaw\.m2\repository"/>
    <property name="file.separator" value="\"/>
    <property name="java.vendor.url.bug" value="http://bugreport.sun.com/bugreport/"/>
    <property name="sun.cpu.endian" value="little"/>
    <property name="sun.io.unicode.encoding" value="UnicodeLittle"/>
    <property name="sun.desktop" value="windows"/>
    <property name="sun.cpu.isalist" value="amd64"/>
  </properties>
  <testcase classname="com.tavant.kwutils.MyTestCaseExecuter" name="FE_LoanOnboarding002:Smoke Scenario Borrower LoanOnboarding With TestData :17bc:FE_1003-117b" time="494.144"/>
  <testcase classname="com.tavant.kwutils.MyTestCaseExecuter" name="FE_LoanOnboarding001:Smoke Scenario Borrower-New User and Co-Borrower-Existing User LoanOnboarding With TestData :100:FE_Facta-001" time="858.219"/>
</testsuite>